<?xml version="1.0" encoding="UTF-8"?>
<!-- Generated by org.testng.reporters.JUnitReportReporter -->
<testsuite hostname="Unknown.gateway" failures="0" tests="1" name="seleniumPractice1.Greencart.HomePage" time="3.475" errors="0" timestamp="10 Dec 2020 20:26:15 GMT">
  <testcase classname="seleniumPractice1.Greencart.HomePage" name="AdditemtoCart" time="3.475"/>
</testsuite> <!-- seleniumPractice1.Greencart.HomePage -->
