<?xml version="1.0" encoding="UTF-8"?>
<!-- Generated by org.testng.reporters.JUnitReportReporter -->
<testsuite hostname="Unknown.gateway" failures="0" tests="1" name="seleniumPractice1.Greencart.validateCart" time="3.994" errors="0" timestamp="10 Dec 2020 19:40:15 GMT">
  <testcase classname="seleniumPractice1.Greencart.validateCart" name="validateCartItems" time="3.994"/>
</testsuite> <!-- seleniumPractice1.Greencart.validateCart -->
